make all --print-data-base --no-builtin-variables --no-builtin-rules --question
make: *** No rule to make target 'all'.  Stop.

# GNU Make 4.3
# Built for x86_64-redhat-linux-gnu
# Copyright (C) 1988-2020 Free Software Foundation, Inc.
# License GPLv3+: GNU GPL version 3 or later <http://gnu.org/licenses/gpl.html>
# This is free software: you are free to change and redistribute it.
# There is NO WARRANTY, to the extent permitted by law.

# Make data base, printed on Fri Jul 29 08:33:55 2022

# Variables

# environment
GDK_BACKEND = x11
# environment
LC_ALL = C
# environment
NO_AT_BRIDGE = 1
# environment
GJS_DEBUG_OUTPUT = stderr
# environment
VSCODE_CWD = /home/aleccohan
# environment
NVM_DIR = /home/aleccohan/.nvm
# environment
GDM_LANG = en_US.UTF-8
# default
MAKE_COMMAND := make
# environment
GOPATH = /home/aleccohan/go
# automatic
@D = $(patsubst %/,%,$(dir $@))
# environment
VSCODE_HANDLES_UNCAUGHT_ERRORS = true
# default
.VARIABLES := 
# environment
PWD = /home/aleccohan/Documents/InsightsRepos/playbook-dispatcher
# automatic
%D = $(patsubst %/,%,$(dir $%))
# environment
HOSTNAME = heartrender
# environment
LSCOLORS = Gxfxcxdxbxegedabagacad
# environment
MAIL = /var/spool/mail/aleccohan
# environment
XDG_DATA_DIRS = /home/aleccohan/.local/share/flatpak/exports/share:/var/lib/flatpak/exports/share:/usr/local/share/:/usr/share/:/var/lib/snapd/desktop
# environment
OLDPWD = /home/aleccohan
# automatic
^D = $(patsubst %/,%,$(dir $^))
# automatic
%F = $(notdir $%)
# environment
NVM_INC = /home/aleccohan/.nvm/versions/node/v13.14.0/include/node
# environment
VSCODE_CODE_CACHE_PATH = /home/aleccohan/.config/Code/CachedData/3b889b090b5ad5793f524b5d1d39fda662b96a2a
# environment
LANG = C
# environment
XAUTHORITY = /run/user/1000/.mutter-Xwaylandauth.G0Z1P1
# default
.LOADED := 
# default
.INCLUDE_DIRS = /usr/include /usr/local/include /usr/include
# makefile
MAKEFLAGS = pqrR
# makefile
CURDIR := /home/aleccohan/Documents/InsightsRepos/playbook-dispatcher
# environment
APPLICATION_INSIGHTS_NO_DIAGNOSTIC_CHANNEL = true
# environment
LESSOPEN = ||/usr/bin/lesspipe.sh %s
# automatic
*D = $(patsubst %/,%,$(dir $*))
# makefile (from 'Makefile', line 1)
CLOUD_CONNECTOR_SCHEMA = https://raw.githubusercontent.com/RedHatInsights/cloud-connector/master/internal/controller/api/api.spec.json
# environment
MFLAGS = -pqrR
# environment
SSH_AUTH_SOCK = /run/user/1000/keyring/ssh
# default
.SHELLFLAGS := -c
# environment
NVM_BIN = /home/aleccohan/.nvm/versions/node/v13.14.0/bin
# environment
WAYLAND_DISPLAY = wayland-0
# environment
HISTSIZE = 50000
# automatic
+D = $(patsubst %/,%,$(dir $+))
# environment
XDG_SESSION_DESKTOP = gnome
# makefile (from 'Makefile', line 1)
MAKEFILE_LIST := Makefile
# automatic
@F = $(notdir $@)
# environment
ZSH = /home/aleccohan/.oh-my-zsh
# environment
VSCODE_PID = 14336
# environment
XDG_SESSION_TYPE = wayland
# automatic
?D = $(patsubst %/,%,$(dir $?))
# makefile (from 'Makefile', line 4)
MKFILE_PATH := /home/aleccohan/Documents/InsightsRepos/playbook-dispatcher/Makefile
# environment
SESSION_MANAGER = local/unix:@/tmp/.ICE-unix/3059,unix/unix:/tmp/.ICE-unix/3059
# automatic
*F = $(notdir $*)
# environment
CHROME_DESKTOP = code-url-handler.desktop
# environment
DBUS_SESSION_BUS_ADDRESS = unix:path=/run/user/1000/bus
# automatic
<D = $(patsubst %/,%,$(dir $<))
# environment
VSCODE_NLS_CONFIG = {"locale":"en-us","availableLanguages":{},"_languagePackSupport":true}
# default
MAKE_HOST := x86_64-redhat-linux-gnu
# makefile
SHELL = /bin/sh
# default
MAKECMDGOALS := all
# environment
XMODIFIERS = @im=ibus
# environment
GJS_DEBUG_TOPICS = JS ERROR;JS LOG
# environment
SHLVL = 0
# environment
MAKELEVEL := 0
# default
MAKE = $(MAKE_COMMAND)
# makefile (from 'Makefile', line 8)
PATH := /home/aleccohan/Documents/InsightsRepos/playbook-dispatcher/bin:/home/aleccohan/.nvm/versions/node/v13.14.0/bin:/usr/bin/snap:/usr/local/bin:/usr/local/sbin:/usr/bin:/usr/sbin:/var/lib/snapd/snap/bin
# environment
MOZ_GMP_PATH = /usr/lib64/mozilla/plugins/gmp-gmpopenh264/system-installed
# default
MAKEFILES := 
# automatic
^F = $(notdir $^)
# environment
INVOCATION_ID = 6cd642ed65d54a27b9cc0cee1dca7eda
# environment
USERNAME = aleccohan
# environment
GNOME_SETUP_DISPLAY = :1
# automatic
?F = $(notdir $?)
# environment
XDG_CURRENT_DESKTOP = GNOME
# environment
KDEDIRS = /usr
# environment
LS_COLORS = 
# automatic
+F = $(notdir $+)
# environment
LESS = -R
# environment
DESKTOP_SESSION = gnome
# environment
ORIGINAL_XDG_CURRENT_DESKTOP = GNOME
# 'override' directive
GNUMAKEFLAGS := 
# environment
LOGNAME = aleccohan
# environment
GIO_LAUNCHED_DESKTOP_FILE = /usr/share/applications/code.desktop
# makefile
.DEFAULT_GOAL := init
# environment
SYSTEMD_EXEC_PID = 3112
# environment
HISTCONTROL = ignoredups
# environment
EDITOR = /usr/bin/nano
# environment
DISPLAY = :0
# environment
USER = aleccohan
# makefile (from 'Makefile', line 11)
PSK = secret
# default
MAKE_VERSION := 4.3
# makefile (from 'Makefile', line 5)
PROJECT_PATH := /home/aleccohan/Documents/InsightsRepos/playbook-dispatcher
# 'override' directive
.SHELLSTATUS := 1
# environment
MANAGERPID = 2939
# environment
which_declare = typeset -f
# environment
DEBUGINFOD_URLS = https://debuginfod.fedoraproject.org/ 
# environment
GIO_LAUNCHED_DESKTOP_FILE_PID = 14336
# makefile (from 'Makefile', line 2)
RBAC_CONNECTOR_SCHEMA = https://cloud.redhat.com/api/rbac/v1/openapi.json
# makefile (from 'Makefile', line 6)
LOCAL_BIN_PATH := /home/aleccohan/Documents/InsightsRepos/playbook-dispatcher/bin
# environment
PAGER = less
# environment
_ = /usr/bin/make
# environment
XDG_RUNTIME_DIR = /run/user/1000
# environment
NVM_CD_FLAGS = -q
# environment
GOMODCACHE = /home/aleccohan/go/pkg/mod
# environment
JOURNAL_STREAM = 8:45237
# environment
XDG_SESSION_CLASS = user
# environment
VSCODE_AMD_ENTRYPOINT = vs/workbench/api/node/extensionHostProcess
# environment
HOME = /home/aleccohan
# environment
QT_IM_MODULE = ibus
# environment
ELECTRON_RUN_AS_NODE = 1
# environment
VSCODE_IPC_HOOK = /run/user/1000/vscode-594b04df-1.69.2-main.sock
# environment
GOPROXY = direct
# default
.RECIPEPREFIX := 
# automatic
<F = $(notdir $<)
# default
SUFFIXES := 
# default
.FEATURES := target-specific order-only second-expansion else-if shortest-stem undefine oneshell nocomment grouped-target extra-prereqs archives jobserver output-sync check-symlink guile load
# environment
XDG_MENU_PREFIX = gnome-
# environment
GDMSESSION = gnome
# variable set hash-table stats:
# Load=115/1024=11%, Rehash=0, Collisions=8/158=5%

# Pattern-specific Variable Values

# No pattern-specific variable values.

# Directories

# . (device 40, inode 189460): 27 files, no impossibilities.

# 27 files, no impossibilities in 1 directories.

# Implicit Rules

# No implicit rules.

# Files

ci-port-forward:
#  Implicit rule search has not been done.
#  Modification time never checked.
#  File has not been updated.
#  recipe to execute (from 'Makefile', line 109):
	oc port-forward svc/playbook-dispatcher-api 8000:8000 -n playbook-dispatcher-ci

generate: generate-api generate-messages generate-cloud-connector generate-utils generate-clients generate-rbac
#  Implicit rule search has not been done.
#  Modification time never checked.
#  File has not been updated.

generate-utils:
#  Implicit rule search has not been done.
#  Modification time never checked.
#  File has not been updated.
#  recipe to execute (from 'Makefile', line 50):
	go generate ./...

run_cleaner:
#  Implicit rule search has not been done.
#  Modification time never checked.
#  File has not been updated.
#  recipe to execute (from 'Makefile', line 106):
	ACG_CONFIG=$(shell pwd)/cdappconfig.json go run . clean

# Not a target:
Makefile:
#  Implicit rule search has been done.
 
#  Last modified 2022-07-11 13:46:45.815659233
#  File has been updated.
#  Successfully updated.

migrate-db:
#  Implicit rule search has not been done.
#  Modification time never checked.
#  File has not been updated.
#  recipe to execute (from 'Makefile', line 58):
	ACG_CONFIG=$(shell pwd)/cdappconfig.json go run . migrate up

generate-messages:
#  Implicit rule search has not been done.
#  Modification time never checked.
#  File has not been updated.
#  recipe to execute (from 'Makefile', line 34):
	~/go/bin/gojsonschema --yaml-extension yaml -p message schema/playbookRunResponse.message.yaml > ./internal/common/model/message/runner.types.gen.go
	~/go/bin/gojsonschema --yaml-extension yaml -p message schema/playbookSatRunResponse.message.yaml > ./internal/common/model/message/rhcsat.types.gen.go

sample_upload:
#  Implicit rule search has not been done.
#  Modification time never checked.
#  File has not been updated.
#  recipe to execute (from 'Makefile', line 82):
	curl -v -F "file=@examples/events-success.jsonl;type=application/vnd.redhat.playbook.v1+jsonl" -H "x-rh-identity: eyJpZGVudGl0eSI6IHsiYWNjb3VudF9udW1iZXIiOiAiMDAwMDAwMSIsICJ0eXBlIjogIlN5c3RlbSIsICJpbnRlcm5hbCI6IHsib3JnX2lkIjogIjAwMDAwMSJ9fX0=" -H "x-rh-request_id: 380b4a04-7eae-4dff-a0b8-6e1af9186df0" http://localhost:8080/api/ingress/v1/upload

sample_request_v2:
#  Implicit rule search has not been done.
#  Modification time never checked.
#  File has not been updated.
#  recipe to execute (from 'Makefile', line 73):
	curl -v -H "content-type: application/json" -H "Authorization: PSK xwKhCUzgJ8" -d "@examples/payload-v2.json" http://localhost:8000/internal/v2/dispatch

generate-clients:
#  Implicit rule search has not been done.
#  Modification time never checked.
#  File has not been updated.
#  recipe to execute (from 'Makefile', line 30):
	~/go/bin/oapi-codegen -generate client,types -package public -o internal/api/tests/public/client.gen.go schema/public.openapi.yaml
	~/go/bin/oapi-codegen -generate client,types -package private -o internal/api/tests/private/client.gen.go -import-mapping=./public.openapi.yaml:playbook-dispatcher/internal/api/controllers/public schema/private.openapi.yaml

migrate-db-undo-all:
#  Implicit rule search has not been done.
#  Modification time never checked.
#  File has not been updated.
#  recipe to execute (from 'Makefile', line 61):
	ACG_CONFIG=$(shell pwd)/cdappconfig.json go run . migrate down-all

sample_upload.xz:
#  Implicit rule search has not been done.
#  Modification time never checked.
#  File has not been updated.
#  recipe to execute (from 'Makefile', line 88):
	curl -v -F "file=@examples/events-success.jsonl.xz;type=application/vnd.redhat.playbook.v1+xz" -H "x-rh-identity: eyJpZGVudGl0eSI6IHsiYWNjb3VudF9udW1iZXIiOiAiMDAwMDAwMSIsICJ0eXBlIjogIlN5c3RlbSIsICJpbnRlcm5hbCI6IHsib3JnX2lkIjogIjAwMDAwMSJ9fX0=" -H "x-rh-request_id: 380b4a04-7eae-4dff-a0b8-6e1af9186df0" http://localhost:8080/api/ingress/v1/upload

sample_request:
#  Implicit rule search has not been done.
#  Modification time never checked.
#  File has not been updated.
#  recipe to execute (from 'Makefile', line 70):
	curl -v -H "content-type: application/json" -H "Authorization: PSK xwKhCUzgJ8" -d "@examples/payload.json" http://localhost:8000/internal/dispatch

# Not a target:
.DEFAULT:
#  Implicit rule search has not been done.
#  Modification time never checked.
#  File has not been updated.

init:
#  Implicit rule search has not been done.
#  Modification time never checked.
#  File has not been updated.
#  recipe to execute (from 'Makefile', line 14):
	go install github.com/deepmap/oapi-codegen/cmd/oapi-codegen
	go get github.com/atombender/go-jsonschema/...@main
	go install github.com/atombender/go-jsonschema/cmd/gojsonschema
	pip install json2yaml
	go get github.com/kulshekhar/fungen
	go install github.com/kulshekhar/fungen

# Not a target:
all:
#  Command line target.
#  Implicit rule search has been done.
#  File does not exist.
#  File has not been updated.

run: migrate-db
#  Implicit rule search has not been done.
#  Modification time never checked.
#  File has not been updated.
#  recipe to execute (from 'Makefile', line 64):
	ACG_CONFIG=$(shell pwd)/cdappconfig.json PSK_AUTH_TEST=xwKhCUzgJ8 go run . run

connector_delete:
#  Implicit rule search has not been done.
#  Modification time never checked.
#  File has not been updated.
#  recipe to execute (from 'Makefile', line 99):
	curl -XDELETE localhost:8083/connectors/playbook-dispatcher-source

sample_upload.gz:
#  Implicit rule search has not been done.
#  Modification time never checked.
#  File has not been updated.
#  recipe to execute (from 'Makefile', line 85):
	curl -v -F "file=@examples/events-success.jsonl.gz;type=application/vnd.redhat.playbook.v1+gzip" -H "x-rh-identity: eyJpZGVudGl0eSI6IHsiYWNjb3VudF9udW1iZXIiOiAiMDAwMDAwMSIsICJ0eXBlIjogIlN5c3RlbSIsICJpbnRlcm5hbCI6IHsib3JnX2lkIjogIjAwMDAwMSJ9fX0=" -H "x-rh-request_id: 380b4a04-7eae-4dff-a0b8-6e1af9186df0" http://localhost:8080/api/ingress/v1/upload

build:
#  Implicit rule search has not been done.
#  Modification time never checked.
#  File has not been updated.
#  recipe to execute (from 'Makefile', line 55):
	go build -o pd .

generate-api:
#  Implicit rule search has not been done.
#  Modification time never checked.
#  File has not been updated.
#  recipe to execute (from 'Makefile', line 22):
	# public API
	~/go/bin/oapi-codegen -generate server,spec -package public -o internal/api/controllers/public/spec.gen.go schema/public.openapi.yaml
	~/go/bin/oapi-codegen -generate types -package public -o internal/api/controllers/public/types.gen.go schema/public.openapi.yaml
	# internal API
	~/go/bin/oapi-codegen -generate server,spec -package private -o internal/api/controllers/private/spec.gen.go -import-mapping=./public.openapi.yaml:playbook-dispatcher/internal/api/controllers/public schema/private.openapi.yaml
	~/go/bin/oapi-codegen -generate types -package private -o internal/api/controllers/private/types.gen.go -import-mapping=./public.openapi.yaml:playbook-dispatcher/internal/api/controllers/public schema/private.openapi.yaml

sample_request_sat:
#  Implicit rule search has not been done.
#  Modification time never checked.
#  File has not been updated.
#  recipe to execute (from 'Makefile', line 76):
	curl -v -H "content-type: application/json" -H "Authorization: PSK xwKhCUzgJ8" -d "@examples/payload-sat.json" http://localhost:8000/internal/v2/dispatch

test: migrate-db
#  Implicit rule search has not been done.
#  Modification time never checked.
#  File has not been updated.
#  recipe to execute (from 'Makefile', line 67):
	SCHEMA_API_PRIVATE=$(shell pwd)/schema/private.openapi.yaml ACG_CONFIG=$(shell pwd)/cdappconfig.json PSK_AUTH_TEST=xwKhCUzgJ8 PSK_AUTH_TEST02=9yh9WuXWDj go test -p 1 -v ./...

ci-dispatch:
#  Implicit rule search has not been done.
#  Modification time never checked.
#  File has not been updated.
#  recipe to execute (from 'Makefile', line 112):
	curl -v -H "content-type: application/json" -H "Authorization: PSK ${PSK}" -d "@examples/payload.json" http://localhost:8000/internal/dispatch

sample_recipient_status:
#  Implicit rule search has not been done.
#  Modification time never checked.
#  File has not been updated.
#  recipe to execute (from 'Makefile', line 79):
	curl -v -H "content-type: application/json" -H "Authorization: PSK xwKhCUzgJ8" -d '[{"recipient": "35720ecb-bc23-4b06-a8cd-f0c264edf2c1", "org_id": "5318290"}]' http://localhost:8000/internal/v2/recipients/status

sample_rhc_sat_upload:
#  Implicit rule search has not been done.
#  Modification time never checked.
#  File has not been updated.
#  recipe to execute (from 'Makefile', line 91):
	curl -v -F "file=@examples/rhcsat-success.jsonl;type=application/vnd.redhat.playbook-sat.v3+jsonl" -H "x-rh-identity: eyJpZGVudGl0eSI6IHsiYWNjb3VudF9udW1iZXIiOiAiMDAwMDAwMSIsICJ0eXBlIjogIlN5c3RlbSIsICJpbnRlcm5hbCI6IHsib3JnX2lkIjogIjAwMDAwMSJ9fX0=" -H "x-rh-request_id: 380b4a04-7eae-4dff-a0b8-6e1af9186df0" http://localhost:8080/api/ingress/v1/upload

generate-rbac:
#  Implicit rule search has not been done.
#  Modification time never checked.
#  File has not been updated.
#  recipe to execute (from 'Makefile', line 44):
	curl -s ${RBAC_CONNECTOR_SCHEMA} -o rbac.json
	json2yaml rbac.json rbac.yaml
	~/go/bin/oapi-codegen -generate client,types -package rbac -include-tags Access -o internal/api/rbac/rbac.gen.go rbac.yaml
	rm rbac.json rbac.yaml

connector_create:
#  Implicit rule search has not been done.
#  Modification time never checked.
#  File has not been updated.
#  recipe to execute (from 'Makefile', line 96):
	curl -i -H 'Content-Type:application/json' -X POST localhost:8083/connectors/ -d @examples/connector-local.json

golangci-lint:
#  Implicit rule search has not been done.
#  Modification time never checked.
#  File has not been updated.
#  recipe to execute (from 'Makefile', line 116):
	@{ \
	set -e ;\
	VERSION="v1.43.0" ;\
	curl -sSfL https://raw.githubusercontent.com/golangci/golangci-lint/$${VERSION}/install.sh | sh -s -- -b ${LOCAL_BIN_PATH} $${VERSION} ;\
	}

grafana:
#  Implicit rule search has not been done.
#  Modification time never checked.
#  File has not been updated.
#  recipe to execute (from 'Makefile', line 102):
	oc create configmap grafana-dashboard-insights-playbook-dispatcher --from-file=$(shell pwd)/dashboard/dashboard.json -o yaml --dry-run=client  > $(shell pwd)/dashboard/grafana-dashboard-insights-playbook-dispatcher.configmap.yaml
	echo -e '  labels:\n    grafana_dashboard: "true"\n  annotations:\n    grafana-folder: /grafana-dashboard-definitions/Insights' >> $(shell pwd)/dashboard/grafana-dashboard-insights-playbook-dispatcher.configmap.yaml

run-lint: golangci-lint
#  Implicit rule search has not been done.
#  Modification time never checked.
#  File has not been updated.
#  recipe to execute (from 'Makefile', line 124):
	$(LOCAL_BIN_PATH)/golangci-lint run

generate-cloud-connector:
#  Implicit rule search has not been done.
#  Modification time never checked.
#  File has not been updated.
#  recipe to execute (from 'Makefile', line 38):
	curl -s ${CLOUD_CONNECTOR_SCHEMA} -o cloud-connector.json
	json2yaml cloud-connector.json cloud-connector.yaml
	~/go/bin/oapi-codegen -generate client,types -package connectors -o internal/api/connectors/cloudConnector.gen.go cloud-connector.yaml
	rm cloud-connector.json cloud-connector.yaml

sample: sample_request sample_upload
#  Implicit rule search has not been done.
#  Modification time never checked.
#  File has not been updated.

# files hash-table stats:
# Load=34/1024=3%, Rehash=0, Collisions=0/55=0%
# VPATH Search Paths

# No 'vpath' search paths.

# No general ('VPATH' variable) search path.

# strcache buffers: 1 (0) / strings = 62 / storage = 724 B / avg = 11 B
# current buf: size = 8162 B / used = 724 B / count = 62 / avg = 11 B

# strcache performance: lookups = 107 / hit rate = 42%
# hash-table stats:
# Load=62/8192=1%, Rehash=0, Collisions=0/107=0%
# Finished Make data base on Fri Jul 29 08:33:55 2022

 
